{"total": {"lines":{"total":363,"covered":60,"skipped":0,"pct":16.52},"statements":{"total":363,"covered":60,"skipped":0,"pct":16.52},"functions":{"total":13,"covered":3,"skipped":0,"pct":23.07},"branches":{"total":16,"covered":5,"skipped":0,"pct":31.25},"branchesTrue":{"total":0,"covered":0,"skipped":0,"pct":100}}
,"/Users/tobiasa/Desktop/strajk_bowling_individuell/individuell-examination-strajk/strajk-bowling/src/App.jsx": {"lines":{"total":10,"covered":0,"skipped":0,"pct":0},"functions":{"total":1,"covered":0,"skipped":0,"pct":0},"statements":{"total":10,"covered":0,"skipped":0,"pct":0},"branches":{"total":1,"covered":0,"skipped":0,"pct":0}}
,"/Users/tobiasa/Desktop/strajk_bowling_individuell/individuell-examination-strajk/strajk-bowling/src/router.jsx": {"lines":{"total":14,"covered":0,"skipped":0,"pct":0},"functions":{"total":1,"covered":0,"skipped":0,"pct":0},"statements":{"total":14,"covered":0,"skipped":0,"pct":0},"branches":{"total":1,"covered":0,"skipped":0,"pct":0}}
,"/Users/tobiasa/Desktop/strajk_bowling_individuell/individuell-examination-strajk/strajk-bowling/src/components/BookingInfo/BookingInfo.jsx": {"lines":{"total":44,"covered":0,"skipped":0,"pct":0},"functions":{"total":1,"covered":0,"skipped":0,"pct":0},"statements":{"total":44,"covered":0,"skipped":0,"pct":0},"branches":{"total":1,"covered":0,"skipped":0,"pct":0}}
,"/Users/tobiasa/Desktop/strajk_bowling_individuell/individuell-examination-strajk/strajk-bowling/src/components/ErrorMessage/ErrorMessage.jsx": {"lines":{"total":8,"covered":0,"skipped":0,"pct":0},"functions":{"total":1,"covered":0,"skipped":0,"pct":0},"statements":{"total":8,"covered":0,"skipped":0,"pct":0},"branches":{"total":1,"covered":0,"skipped":0,"pct":0}}
,"/Users/tobiasa/Desktop/strajk_bowling_individuell/individuell-examination-strajk/strajk-bowling/src/components/Input/Input.jsx": {"lines":{"total":26,"covered":2,"skipped":0,"pct":7.69},"functions":{"total":1,"covered":0,"skipped":0,"pct":0},"statements":{"total":26,"covered":2,"skipped":0,"pct":7.69},"branches":{"total":0,"covered":0,"skipped":0,"pct":100}}
,"/Users/tobiasa/Desktop/strajk_bowling_individuell/individuell-examination-strajk/strajk-bowling/src/components/Navigation/Navigation.jsx": {"lines":{"total":18,"covered":18,"skipped":0,"pct":100},"functions":{"total":4,"covered":1,"skipped":0,"pct":25},"statements":{"total":18,"covered":18,"skipped":0,"pct":100},"branches":{"total":4,"covered":1,"skipped":0,"pct":25}}
,"/Users/tobiasa/Desktop/strajk_bowling_individuell/individuell-examination-strajk/strajk-bowling/src/components/Shoes/Shoes.jsx": {"lines":{"total":42,"covered":0,"skipped":0,"pct":0},"functions":{"total":1,"covered":0,"skipped":0,"pct":0},"statements":{"total":42,"covered":0,"skipped":0,"pct":0},"branches":{"total":1,"covered":0,"skipped":0,"pct":0}}
,"/Users/tobiasa/Desktop/strajk_bowling_individuell/individuell-examination-strajk/strajk-bowling/src/components/Top/Top.jsx": {"lines":{"total":10,"covered":10,"skipped":0,"pct":100},"functions":{"total":1,"covered":1,"skipped":0,"pct":100},"statements":{"total":10,"covered":10,"skipped":0,"pct":100},"branches":{"total":1,"covered":1,"skipped":0,"pct":100}}
,"/Users/tobiasa/Desktop/strajk_bowling_individuell/individuell-examination-strajk/strajk-bowling/src/views/Booking.jsx": {"lines":{"total":125,"covered":0,"skipped":0,"pct":0},"functions":{"total":1,"covered":0,"skipped":0,"pct":0},"statements":{"total":125,"covered":0,"skipped":0,"pct":0},"branches":{"total":1,"covered":0,"skipped":0,"pct":0}}
,"/Users/tobiasa/Desktop/strajk_bowling_individuell/individuell-examination-strajk/strajk-bowling/src/views/Confirmation.jsx": {"lines":{"total":55,"covered":19,"skipped":0,"pct":34.54},"functions":{"total":1,"covered":1,"skipped":0,"pct":100},"statements":{"total":55,"covered":19,"skipped":0,"pct":34.54},"branches":{"total":3,"covered":1,"skipped":0,"pct":33.33}}
,"/Users/tobiasa/Desktop/strajk_bowling_individuell/individuell-examination-strajk/strajk-bowling/src/views/Confirmation.test.jsx": {"lines":{"total":11,"covered":11,"skipped":0,"pct":100},"functions":{"total":0,"covered":0,"skipped":0,"pct":100},"statements":{"total":11,"covered":11,"skipped":0,"pct":100},"branches":{"total":2,"covered":2,"skipped":0,"pct":100}}
}
