{"total": {"lines":{"total":352,"covered":352,"skipped":0,"pct":100},"statements":{"total":352,"covered":352,"skipped":0,"pct":100},"functions":{"total":24,"covered":23,"skipped":0,"pct":95.83},"branches":{"total":65,"covered":62,"skipped":0,"pct":95.38},"branchesTrue":{"total":0,"covered":0,"skipped":0,"pct":100}}
,"/Users/tobiasa/Desktop/strajk_bowling_individuell/individuell-examination-strajk/strajk-bowling/src/App.jsx": {"lines":{"total":10,"covered":10,"skipped":0,"pct":100},"functions":{"total":1,"covered":1,"skipped":0,"pct":100},"statements":{"total":10,"covered":10,"skipped":0,"pct":100},"branches":{"total":1,"covered":1,"skipped":0,"pct":100}}
,"/Users/tobiasa/Desktop/strajk_bowling_individuell/individuell-examination-strajk/strajk-bowling/src/router.jsx": {"lines":{"total":14,"covered":14,"skipped":0,"pct":100},"functions":{"total":0,"covered":0,"skipped":0,"pct":100},"statements":{"total":14,"covered":14,"skipped":0,"pct":100},"branches":{"total":0,"covered":0,"skipped":0,"pct":100}}
,"/Users/tobiasa/Desktop/strajk_bowling_individuell/individuell-examination-strajk/strajk-bowling/src/components/BookingInfo/BookingInfo.jsx": {"lines":{"total":44,"covered":44,"skipped":0,"pct":100},"functions":{"total":1,"covered":1,"skipped":0,"pct":100},"statements":{"total":44,"covered":44,"skipped":0,"pct":100},"branches":{"total":1,"covered":1,"skipped":0,"pct":100}}
,"/Users/tobiasa/Desktop/strajk_bowling_individuell/individuell-examination-strajk/strajk-bowling/src/components/ErrorMessage/ErrorMessage.jsx": {"lines":{"total":8,"covered":8,"skipped":0,"pct":100},"functions":{"total":1,"covered":1,"skipped":0,"pct":100},"statements":{"total":8,"covered":8,"skipped":0,"pct":100},"branches":{"total":1,"covered":1,"skipped":0,"pct":100}}
,"/Users/tobiasa/Desktop/strajk_bowling_individuell/individuell-examination-strajk/strajk-bowling/src/components/Input/Input.jsx": {"lines":{"total":27,"covered":27,"skipped":0,"pct":100},"functions":{"total":1,"covered":1,"skipped":0,"pct":100},"statements":{"total":27,"covered":27,"skipped":0,"pct":100},"branches":{"total":5,"covered":5,"skipped":0,"pct":100}}
,"/Users/tobiasa/Desktop/strajk_bowling_individuell/individuell-examination-strajk/strajk-bowling/src/components/Navigation/Navigation.jsx": {"lines":{"total":18,"covered":18,"skipped":0,"pct":100},"functions":{"total":4,"covered":3,"skipped":0,"pct":75},"statements":{"total":18,"covered":18,"skipped":0,"pct":100},"branches":{"total":6,"covered":3,"skipped":0,"pct":50}}
,"/Users/tobiasa/Desktop/strajk_bowling_individuell/individuell-examination-strajk/strajk-bowling/src/components/Shoes/Shoes.jsx": {"lines":{"total":42,"covered":42,"skipped":0,"pct":100},"functions":{"total":3,"covered":3,"skipped":0,"pct":100},"statements":{"total":42,"covered":42,"skipped":0,"pct":100},"branches":{"total":4,"covered":4,"skipped":0,"pct":100}}
,"/Users/tobiasa/Desktop/strajk_bowling_individuell/individuell-examination-strajk/strajk-bowling/src/components/Top/Top.jsx": {"lines":{"total":10,"covered":10,"skipped":0,"pct":100},"functions":{"total":1,"covered":1,"skipped":0,"pct":100},"statements":{"total":10,"covered":10,"skipped":0,"pct":100},"branches":{"total":1,"covered":1,"skipped":0,"pct":100}}
,"/Users/tobiasa/Desktop/strajk_bowling_individuell/individuell-examination-strajk/strajk-bowling/src/views/Booking.jsx": {"lines":{"total":124,"covered":124,"skipped":0,"pct":100},"functions":{"total":11,"covered":11,"skipped":0,"pct":100},"statements":{"total":124,"covered":124,"skipped":0,"pct":100},"branches":{"total":40,"covered":40,"skipped":0,"pct":100}}
,"/Users/tobiasa/Desktop/strajk_bowling_individuell/individuell-examination-strajk/strajk-bowling/src/views/Confirmation.jsx": {"lines":{"total":55,"covered":55,"skipped":0,"pct":100},"functions":{"total":1,"covered":1,"skipped":0,"pct":100},"statements":{"total":55,"covered":55,"skipped":0,"pct":100},"branches":{"total":6,"covered":6,"skipped":0,"pct":100}}
}
