TN:
SF:src/App.jsx
FN:6,App
FNF:1
FNH:1
FNDA:3,App
DA:1,1
DA:2,1
DA:4,1
DA:6,3
DA:8,3
DA:9,3
DA:10,3
DA:11,3
DA:13,3
DA:15,1
LF:10
LH:10
BRDA:6,0,0,3
BRF:1
BRH:1
end_of_record
TN:
SF:src/router.jsx
FNF:0
FNH:0
DA:1,1
DA:3,1
DA:4,1
DA:6,1
DA:7,1
DA:8,1
DA:9,1
DA:10,1
DA:11,1
DA:12,1
DA:13,1
DA:14,1
DA:15,1
DA:17,1
LF:14
LH:14
BRF:0
BRH:0
end_of_record
TN:
SF:src/components/BookingInfo/BookingInfo.jsx
FN:5,BookingInfo
FNF:1
FNH:1
FNDA:98,BookingInfo
DA:1,1
DA:3,1
DA:5,98
DA:6,98
DA:7,98
DA:8,98
DA:9,98
DA:10,98
DA:11,98
DA:12,98
DA:13,98
DA:14,98
DA:15,98
DA:16,98
DA:17,98
DA:18,98
DA:19,98
DA:20,98
DA:21,98
DA:22,98
DA:23,98
DA:24,98
DA:25,98
DA:26,98
DA:27,98
DA:28,98
DA:29,98
DA:30,98
DA:31,98
DA:32,98
DA:33,98
DA:34,98
DA:35,98
DA:36,98
DA:37,98
DA:38,98
DA:39,98
DA:40,98
DA:41,98
DA:42,98
DA:43,98
DA:44,98
DA:46,98
DA:48,1
LF:44
LH:44
BRDA:5,0,0,98
BRF:1
BRH:1
end_of_record
TN:
SF:src/components/ErrorMessage/ErrorMessage.jsx
FN:3,ErrorMessage
FNF:1
FNH:1
FNDA:5,ErrorMessage
DA:1,1
DA:3,5
DA:4,5
DA:5,5
DA:6,5
DA:7,5
DA:9,5
DA:11,1
LF:8
LH:8
BRDA:3,0,0,5
BRF:1
BRH:1
end_of_record
TN:
SF:src/components/Input/Input.jsx
FN:3,Input
FNF:1
FNH:1
FNDA:583,Input
DA:1,1
DA:3,583
DA:4,583
DA:5,583
DA:6,583
DA:7,583
DA:8,583
DA:9,583
DA:10,583
DA:11,583
DA:12,583
DA:13,583
DA:14,583
DA:15,583
DA:16,583
DA:17,583
DA:18,583
DA:19,583
DA:20,583
DA:21,583
DA:22,583
DA:23,583
DA:24,583
DA:25,583
DA:26,583
DA:28,583
DA:30,1
LF:27
LH:27
BRDA:3,0,0,583
BRDA:19,1,0,485
BRDA:19,2,0,98
BRDA:22,3,0,24
BRDA:22,4,0,559
BRF:5
BRH:5
end_of_record
TN:
SF:src/components/Navigation/Navigation.jsx
FN:6,Navigation
FN:13,onClick
FN:15,onClick
FN:17,onClick
FNF:4
FNH:3
FNDA:101,Navigation
FNDA:0,onClick
FNDA:1,onClick
FNDA:2,onClick
DA:1,1
DA:2,1
DA:3,1
DA:4,1
DA:6,101
DA:7,101
DA:8,101
DA:10,101
DA:11,101
DA:12,101
DA:13,101
DA:14,101
DA:15,101
DA:16,101
DA:17,101
DA:18,101
DA:20,101
DA:22,1
LF:18
LH:18
BRDA:6,0,0,101
BRDA:11,1,0,0
BRDA:14,2,0,0
BRDA:16,3,0,0
BRDA:15,4,0,1
BRDA:17,5,0,2
BRF:6
BRH:3
end_of_record
TN:
SF:src/components/Shoes/Shoes.jsx
FN:6,Shoes
FN:21,onClick
FN:41,onClick
FNF:3
FNH:3
FNDA:95,Shoes
FNDA:3,onClick
FNDA:27,onClick
DA:1,1
DA:2,1
DA:4,1
DA:6,95
DA:7,95
DA:8,167
DA:9,167
DA:10,167
DA:11,167
DA:12,167
DA:13,167
DA:14,167
DA:15,167
DA:16,167
DA:17,167
DA:18,167
DA:19,167
DA:20,167
DA:21,167
DA:22,3
DA:23,3
DA:24,167
DA:26,167
DA:27,167
DA:30,167
DA:31,95
DA:33,95
DA:34,95
DA:35,95
DA:36,95
DA:37,95
DA:38,95
DA:39,95
DA:40,95
DA:41,95
DA:42,27
DA:43,27
DA:44,95
DA:46,95
DA:47,95
DA:49,95
DA:51,1
LF:42
LH:42
BRDA:6,0,0,95
BRDA:7,1,0,167
BRDA:21,2,0,3
BRDA:41,3,0,27
BRF:4
BRH:4
end_of_record
TN:
SF:src/components/Top/Top.jsx
FN:4,Top
FNF:1
FNH:1
FNDA:101,Top
DA:1,1
DA:2,1
DA:4,101
DA:5,101
DA:6,101
DA:7,101
DA:8,101
DA:9,101
DA:11,101
DA:13,1
LF:10
LH:10
BRDA:4,0,0,101
BRF:1
BRH:1
end_of_record
TN:
SF:src/views/Booking.jsx
FN:11,Booking
FN:22,updateBookingDetails
FN:32,updateSize
FN:45,addShoe
FN:51,removeShoe
FN:57,isShoeSizesFilled
FN:65,checkPlayersAndLanes
FN:74,sendBooking
FN:90,comparePeopleAndShoes
FN:94,saveConfirmation
FN:102,book
FNF:11
FNH:11
FNDA:94,Booking
FNDA:27,updateBookingDetails
FNDA:22,updateSize
FNDA:26,addShoe
FNDA:2,removeShoe
FNDA:5,isShoeSizesFilled
FNDA:4,checkPlayersAndLanes
FNDA:3,sendBooking
FNDA:6,comparePeopleAndShoes
FNDA:3,saveConfirmation
FNDA:7,book
DA:1,1
DA:2,1
DA:3,1
DA:5,1
DA:6,1
DA:7,1
DA:8,1
DA:9,1
DA:11,94
DA:12,94
DA:13,94
DA:14,94
DA:15,94
DA:16,94
DA:17,94
DA:18,94
DA:19,94
DA:20,94
DA:22,94
DA:23,27
DA:24,27
DA:26,27
DA:27,27
DA:28,27
DA:29,27
DA:30,27
DA:32,94
DA:33,22
DA:34,22
DA:36,22
DA:37,21
DA:38,21
DA:39,83
DA:40,21
DA:41,21
DA:42,21
DA:43,22
DA:45,94
DA:46,26
DA:48,26
DA:49,26
DA:51,94
DA:52,2
DA:54,2
DA:55,2
DA:57,94
DA:58,5
DA:60,5
DA:62,5
DA:63,5
DA:65,94
DA:66,4
DA:67,4
DA:69,4
DA:71,1
DA:72,4
DA:74,94
DA:75,3
DA:76,3
DA:77,3
DA:78,3
DA:79,3
DA:80,3
DA:81,3
DA:82,3
DA:83,3
DA:84,3
DA:85,3
DA:87,3
DA:88,3
DA:90,94
DA:91,6
DA:92,6
DA:94,94
DA:95,3
DA:96,3
DA:98,3
DA:99,3
DA:100,3
DA:102,94
DA:103,7
DA:105,7
DA:106,1
DA:107,7
DA:108,1
DA:109,6
DA:110,1
DA:111,5
DA:112,1
DA:113,1
DA:116,7
DA:117,4
DA:118,4
DA:119,4
DA:121,3
DA:122,3
DA:123,3
DA:124,3
DA:125,3
DA:126,3
DA:128,3
DA:130,3
DA:132,3
DA:134,3
DA:135,3
DA:136,3
DA:137,7
DA:139,94
DA:140,94
DA:141,94
DA:142,94
DA:143,94
DA:144,94
DA:145,94
DA:146,94
DA:147,94
DA:148,94
DA:149,94
DA:150,94
DA:152,94
DA:153,94
DA:154,94
DA:156,94
DA:158,1
LF:124
LH:124
BRDA:11,0,0,94
BRDA:153,1,0,4
BRDA:153,2,0,90
BRDA:22,3,0,27
BRDA:26,4,0,27
BRDA:32,5,0,22
BRDA:36,6,0,1
BRDA:36,7,0,21
BRDA:37,8,0,21
BRDA:38,9,0,83
BRDA:39,10,0,21
BRDA:39,11,0,62
BRDA:45,12,0,26
BRDA:51,13,0,2
BRDA:54,14,0,5
BRDA:57,15,0,5
BRDA:60,16,0,20
BRDA:60,17,0,16
BRDA:60,18,0,4
BRDA:65,19,0,4
BRDA:69,20,0,3
BRDA:69,21,0,1
BRDA:74,22,0,3
BRDA:90,23,0,6
BRDA:94,24,0,3
BRDA:95,25,0,3
BRDA:102,26,0,7
BRDA:105,27,0,6
BRDA:105,28,0,6
BRDA:105,29,0,6
BRDA:105,30,0,1
BRDA:107,31,0,6
BRDA:107,32,0,1
BRDA:109,33,0,5
BRDA:109,34,0,1
BRDA:111,35,0,4
BRDA:111,36,0,1
BRDA:116,37,0,4
BRDA:119,38,0,3
BRDA:125,39,0,11
BRF:40
BRH:40
end_of_record
TN:
SF:src/views/Confirmation.jsx
FN:8,Confirmation
FNF:1
FNH:1
FNDA:8,Confirmation
DA:1,1
DA:2,1
DA:4,1
DA:5,1
DA:6,1
DA:8,8
DA:9,8
DA:11,8
DA:12,8
DA:13,6
DA:15,8
DA:16,8
DA:17,8
DA:18,8
DA:19,8
DA:20,6
DA:21,6
DA:22,6
DA:23,6
DA:24,6
DA:25,6
DA:26,6
DA:27,6
DA:28,6
DA:29,6
DA:30,6
DA:31,6
DA:32,6
DA:33,6
DA:34,6
DA:35,6
DA:36,6
DA:37,6
DA:38,6
DA:39,6
DA:40,6
DA:41,6
DA:42,6
DA:43,6
DA:44,6
DA:45,6
DA:46,6
DA:47,6
DA:48,6
DA:49,6
DA:50,6
DA:51,6
DA:52,6
DA:53,6
DA:55,6
DA:56,6
DA:58,2
DA:60,8
DA:62,8
DA:64,1
LF:55
LH:55
BRDA:8,0,0,8
BRDA:12,1,0,2
BRDA:12,2,0,6
BRDA:19,3,0,6
BRDA:19,4,0,6
BRDA:56,5,0,2
BRF:6
BRH:6
end_of_record
