TN:
SF:src/App.jsx
FN:6,App
FNF:1
FNH:1
FNDA:3,App
DA:1,1
DA:2,1
DA:4,1
DA:6,3
DA:8,3
DA:9,3
DA:10,3
DA:11,3
DA:13,3
DA:15,1
LF:10
LH:10
BRDA:6,0,0,3
BRF:1
BRH:1
end_of_record
TN:
SF:src/router.jsx
FNF:0
FNH:0
DA:1,1
DA:3,1
DA:4,1
DA:6,1
DA:7,1
DA:8,1
DA:9,1
DA:10,1
DA:11,1
DA:12,1
DA:13,1
DA:14,1
DA:15,1
DA:17,1
LF:14
LH:14
BRF:0
BRH:0
end_of_record
TN:
SF:src/components/BookingInfo/BookingInfo.jsx
FN:5,BookingInfo
FNF:1
FNH:1
FNDA:92,BookingInfo
DA:1,1
DA:3,1
DA:5,92
DA:6,92
DA:7,92
DA:8,92
DA:9,92
DA:10,92
DA:11,92
DA:12,92
DA:13,92
DA:14,92
DA:15,92
DA:16,92
DA:17,92
DA:18,92
DA:19,92
DA:20,92
DA:21,92
DA:22,92
DA:23,92
DA:24,92
DA:25,92
DA:26,92
DA:27,92
DA:28,92
DA:29,92
DA:30,92
DA:31,92
DA:32,92
DA:33,92
DA:34,92
DA:35,92
DA:36,92
DA:37,92
DA:38,92
DA:39,92
DA:40,92
DA:41,92
DA:42,92
DA:43,92
DA:44,92
DA:46,92
DA:48,1
LF:44
LH:44
BRDA:5,0,0,92
BRF:1
BRH:1
end_of_record
TN:
SF:src/components/ErrorMessage/ErrorMessage.jsx
FN:3,ErrorMessage
FNF:1
FNH:1
FNDA:5,ErrorMessage
DA:1,1
DA:3,5
DA:4,5
DA:5,5
DA:6,5
DA:7,5
DA:9,5
DA:11,1
LF:8
LH:8
BRDA:3,0,0,5
BRF:1
BRH:1
end_of_record
TN:
SF:src/components/Input/Input.jsx
FN:3,Input
FNF:1
FNH:1
FNDA:554,Input
DA:1,1
DA:3,554
DA:4,554
DA:5,554
DA:6,554
DA:7,554
DA:8,554
DA:9,554
DA:10,554
DA:11,554
DA:12,554
DA:13,554
DA:14,554
DA:15,554
DA:16,554
DA:17,554
DA:18,554
DA:19,554
DA:20,554
DA:21,554
DA:22,554
DA:23,554
DA:24,554
DA:25,554
DA:26,554
DA:28,554
DA:30,1
LF:27
LH:27
BRDA:3,0,0,554
BRDA:19,1,0,462
BRDA:19,2,0,92
BRDA:22,3,0,20
BRDA:22,4,0,534
BRF:5
BRH:5
end_of_record
TN:
SF:src/components/Navigation/Navigation.jsx
FN:6,Navigation
FN:13,onClick
FN:15,onClick
FN:17,onClick
FNF:4
FNH:3
FNDA:94,Navigation
FNDA:0,onClick
FNDA:1,onClick
FNDA:2,onClick
DA:1,1
DA:2,1
DA:3,1
DA:4,1
DA:6,94
DA:7,94
DA:8,94
DA:10,94
DA:11,94
DA:12,94
DA:13,94
DA:14,94
DA:15,94
DA:16,94
DA:17,94
DA:18,94
DA:20,94
DA:22,1
LF:18
LH:18
BRDA:6,0,0,94
BRDA:11,1,0,0
BRDA:14,2,0,0
BRDA:16,3,0,0
BRDA:15,4,0,1
BRDA:17,5,0,2
BRF:6
BRH:3
end_of_record
TN:
SF:src/components/Shoes/Shoes.jsx
FN:6,Shoes
FN:21,onClick
FN:41,onClick
FNF:3
FNH:3
FNDA:89,Shoes
FNDA:3,onClick
FNDA:26,onClick
DA:1,1
DA:2,1
DA:4,1
DA:6,89
DA:7,89
DA:8,166
DA:9,166
DA:10,166
DA:11,166
DA:12,166
DA:13,166
DA:14,166
DA:15,166
DA:16,166
DA:17,166
DA:18,166
DA:19,166
DA:20,166
DA:21,166
DA:22,3
DA:23,3
DA:24,166
DA:26,166
DA:27,166
DA:30,166
DA:31,89
DA:33,89
DA:34,89
DA:35,89
DA:36,89
DA:37,89
DA:38,89
DA:39,89
DA:40,89
DA:41,89
DA:42,26
DA:43,26
DA:44,89
DA:46,89
DA:47,89
DA:49,89
DA:51,1
LF:42
LH:42
BRDA:6,0,0,89
BRDA:7,1,0,166
BRDA:21,2,0,3
BRDA:41,3,0,26
BRF:4
BRH:4
end_of_record
TN:
SF:src/components/Top/Top.jsx
FN:4,Top
FNF:1
FNH:1
FNDA:94,Top
DA:1,1
DA:2,1
DA:4,94
DA:5,94
DA:6,94
DA:7,94
DA:8,94
DA:9,94
DA:11,94
DA:13,1
LF:10
LH:10
BRDA:4,0,0,94
BRF:1
BRH:1
end_of_record
TN:
SF:src/views/Booking.jsx
FN:11,Booking
FN:22,updateBookingDetails
FN:32,updateSize
FN:45,addShoe
FN:51,removeShoe
FN:57,isShoeSizesFilled
FN:65,checkPlayersAndLanes
FN:74,sendBooking
FN:90,comparePeopleAndShoes
FN:94,saveConfirmation
FN:102,book
FNF:11
FNH:11
FNDA:87,Booking
FNDA:25,updateBookingDetails
FNDA:21,updateSize
FNDA:25,addShoe
FNDA:2,removeShoe
FNDA:5,isShoeSizesFilled
FNDA:4,checkPlayersAndLanes
FNDA:3,sendBooking
FNDA:6,comparePeopleAndShoes
FNDA:3,saveConfirmation
FNDA:7,book
DA:1,1
DA:2,1
DA:3,1
DA:5,1
DA:6,1
DA:7,1
DA:8,1
DA:9,1
DA:11,87
DA:12,87
DA:13,87
DA:14,87
DA:15,87
DA:16,87
DA:17,87
DA:18,87
DA:19,87
DA:20,87
DA:22,87
DA:23,25
DA:24,25
DA:26,25
DA:27,25
DA:28,25
DA:29,25
DA:30,25
DA:32,87
DA:33,21
DA:34,21
DA:36,21
DA:37,21
DA:38,21
DA:39,83
DA:40,21
DA:41,21
DA:42,21
DA:43,21
DA:45,87
DA:46,25
DA:48,25
DA:49,25
DA:51,87
DA:52,2
DA:54,2
DA:55,2
DA:57,87
DA:58,5
DA:60,5
DA:62,5
DA:63,5
DA:65,87
DA:66,4
DA:67,4
DA:69,4
DA:71,1
DA:72,4
DA:74,87
DA:75,3
DA:76,3
DA:77,3
DA:78,3
DA:79,3
DA:80,3
DA:81,3
DA:82,3
DA:83,3
DA:84,3
DA:85,3
DA:87,3
DA:88,3
DA:90,87
DA:91,6
DA:92,6
DA:94,87
DA:95,3
DA:96,3
DA:98,3
DA:99,3
DA:100,3
DA:102,87
DA:103,7
DA:105,7
DA:106,1
DA:107,7
DA:108,1
DA:109,6
DA:110,1
DA:111,5
DA:112,1
DA:113,1
DA:116,7
DA:117,4
DA:118,4
DA:119,4
DA:121,3
DA:122,3
DA:123,3
DA:124,3
DA:125,3
DA:126,3
DA:128,3
DA:130,3
DA:132,3
DA:134,3
DA:136,3
DA:138,3
DA:139,3
DA:140,3
DA:141,7
DA:143,87
DA:144,87
DA:145,87
DA:146,87
DA:147,87
DA:148,87
DA:149,87
DA:150,87
DA:151,87
DA:152,87
DA:153,87
DA:154,87
DA:156,87
DA:157,87
DA:158,87
DA:160,87
DA:162,1
LF:126
LH:126
BRDA:11,0,0,87
BRDA:157,1,0,4
BRDA:157,2,0,83
BRDA:22,3,0,25
BRDA:26,4,0,25
BRDA:32,5,0,21
BRDA:36,6,0,0
BRDA:37,7,0,21
BRDA:38,8,0,83
BRDA:39,9,0,21
BRDA:39,10,0,62
BRDA:45,11,0,25
BRDA:51,12,0,2
BRDA:54,13,0,5
BRDA:57,14,0,5
BRDA:60,15,0,20
BRDA:60,16,0,16
BRDA:60,17,0,4
BRDA:65,18,0,4
BRDA:69,19,0,3
BRDA:69,20,0,1
BRDA:74,21,0,3
BRDA:90,22,0,6
BRDA:94,23,0,3
BRDA:95,24,0,3
BRDA:102,25,0,7
BRDA:105,26,0,6
BRDA:105,27,0,6
BRDA:105,28,0,6
BRDA:105,29,0,1
BRDA:107,30,0,6
BRDA:107,31,0,1
BRDA:109,32,0,5
BRDA:109,33,0,1
BRDA:111,34,0,4
BRDA:111,35,0,1
BRDA:116,36,0,4
BRDA:119,37,0,3
BRDA:125,38,0,11
BRF:39
BRH:38
end_of_record
TN:
SF:src/views/Confirmation.jsx
FN:8,Confirmation
FNF:1
FNH:1
FNDA:7,Confirmation
DA:1,1
DA:2,1
DA:4,1
DA:5,1
DA:6,1
DA:8,7
DA:9,7
DA:11,7
DA:12,7
DA:13,5
DA:15,7
DA:16,7
DA:17,7
DA:18,7
DA:19,7
DA:20,5
DA:21,5
DA:22,5
DA:23,5
DA:24,5
DA:25,5
DA:26,5
DA:27,5
DA:28,5
DA:29,5
DA:30,5
DA:31,5
DA:32,5
DA:33,5
DA:34,5
DA:35,5
DA:36,5
DA:37,5
DA:38,5
DA:39,5
DA:40,5
DA:41,5
DA:42,5
DA:43,5
DA:44,5
DA:45,5
DA:46,5
DA:47,5
DA:48,5
DA:49,5
DA:50,5
DA:51,5
DA:52,5
DA:53,5
DA:55,5
DA:56,5
DA:58,2
DA:60,7
DA:62,7
DA:64,1
LF:55
LH:55
BRDA:8,0,0,7
BRDA:12,1,0,2
BRDA:12,2,0,5
BRDA:19,3,0,5
BRDA:19,4,0,5
BRDA:56,5,0,2
BRF:6
BRH:6
end_of_record
